<?xml version="1.0" encoding="UTF-8"?>
<!-- Generated by org.testng.reporters.JUnitXMLReporter -->
<testsuite ignored="0" hostname="DESKTOP-8HK16GD" failures="1" tests="1" name="Test" time="21.237" errors="0" timestamp="2024-12-11T23:24:31 IST">
  <testcase classname="testCases.TC002_LoginTest" name="Login_verified" time="0.14">
    <failure type="java.lang.AssertionError" message="null">
      <![CDATA[java.lang.AssertionError: null
at testCases.TC002_LoginTest.Login_verified(TC002_LoginTest.java:41)
at java.base/java.util.ArrayList.forEach(ArrayList.java:1597)
... Removed 27 stack frames]]>
    </failure>
  </testcase> <!-- Login_verified -->
</testsuite> <!-- Test -->
