<?xml version="1.0" encoding="UTF-8"?>
<testng-results ignored="0" total="1" passed="1" failed="0" skipped="0">
  <reporter-output>
  </reporter-output>
  <suite started-at="2024-12-14T12:19:53 IST" name="Master Suite" finished-at="2024-12-14T12:20:20 IST" duration-ms="27268">
    <groups>
      <group name="Master">
        <method signature="TC002_LoginTest.Login_verified()[pri:0, instance:testCases.TC002_LoginTest@64b73e7a]" name="Login_verified" class="testCases.TC002_LoginTest"/>
      </group> <!-- Master -->
      <group name="Sanity">
        <method signature="TC002_LoginTest.Login_verified()[pri:0, instance:testCases.TC002_LoginTest@64b73e7a]" name="Login_verified" class="testCases.TC002_LoginTest"/>
      </group> <!-- Sanity -->
    </groups>
    <test started-at="2024-12-14T12:19:53 IST" name="Test" finished-at="2024-12-14T12:20:20 IST" duration-ms="27268">
      <class name="testCases.TC002_LoginTest">
        <test-method is-config="true" signature="setup(java.lang.String,java.lang.String)[pri:0, instance:testCases.TC002_LoginTest@64b73e7a]" started-at="2024-12-14T12:19:53 IST" name="setup" finished-at="2024-12-14T12:20:16 IST" duration-ms="22827" status="PASS">
          <params>
            <param index="0">
              <value>
                <![CDATA[Windows]]>
              </value>
            </param>
            <param index="1">
              <value>
                <![CDATA[chrome]]>
              </value>
            </param>
          </params>
          <reporter-output>
          </reporter-output>
        </test-method> <!-- setup -->
        <test-method signature="Login_verified()[pri:0, instance:testCases.TC002_LoginTest@64b73e7a]" started-at="2024-12-14T12:20:16 IST" name="Login_verified" finished-at="2024-12-14T12:20:19 IST" duration-ms="3401" status="PASS">
          <reporter-output>
          </reporter-output>
        </test-method> <!-- Login_verified -->
        <test-method is-config="true" signature="teardown()[pri:0, instance:testCases.TC002_LoginTest@64b73e7a]" started-at="2024-12-14T12:20:19 IST" name="teardown" finished-at="2024-12-14T12:20:20 IST" duration-ms="368" status="PASS">
          <reporter-output>
          </reporter-output>
        </test-method> <!-- teardown -->
      </class> <!-- testCases.TC002_LoginTest -->
    </test> <!-- Test -->
  </suite> <!-- Master Suite -->
</testng-results>
